  Game.cpp
D:\Новая папка\Gems2020\Game.cpp(89,21): warning C4018: '<': signed/unsigned mismatch
D:\Новая папка\Gems2020\Game.cpp(94,64): warning C4244: 'argument': conversion from 'int' to 'T', possible loss of data
          with
          [
              T=float
          ]
D:\Новая папка\Gems2020\Game.cpp(94,36): warning C4244: 'argument': conversion from 'int' to 'T', possible loss of data
          with
          [
              T=float
          ]
D:\Новая папка\Gems2020\Game.cpp(104,21): warning C4018: '<': signed/unsigned mismatch
D:\Новая папка\Gems2020\Game.cpp(153,21): warning C4018: '<': signed/unsigned mismatch
D:\Новая папка\Gems2020\Game.cpp(156,86): warning C4244: 'argument': conversion from 'int' to 'T', possible loss of data
          with
          [
              T=float
          ]
D:\Новая папка\Gems2020\Game.cpp(156,58): warning C4244: 'argument': conversion from 'int' to 'T', possible loss of data
          with
          [
              T=float
          ]
D:\Новая папка\Gems2020\Game.cpp(261,23): warning C4018: '<': signed/unsigned mismatch
D:\Новая папка\Gems2020\Game.cpp(290,72): warning C4244: 'argument': conversion from 'T' to 'T', possible loss of data
          with
          [
              T=int
          ]
          and
          [
              T=float
          ]
D:\Новая папка\Gems2020\Game.cpp(290,34): warning C4244: 'argument': conversion from 'T' to 'T', possible loss of data
          with
          [
              T=int
          ]
          and
          [
              T=float
          ]
D:\Новая папка\Gems2020\Game.cpp(291,72): warning C4244: 'argument': conversion from 'T' to 'T', possible loss of data
          with
          [
              T=int
          ]
          and
          [
              T=float
          ]
D:\Новая папка\Gems2020\Game.cpp(291,34): warning C4244: 'argument': conversion from 'T' to 'T', possible loss of data
          with
          [
              T=int
          ]
          and
          [
              T=float
          ]
  Tile.cpp
  Source.cpp
  SupportingFunctions.cpp
  Generating code
  Previous IPDB not found, fall back to full compilation.
  All 497 functions were compiled because no usable IPDB/IOBJ from previous compilation was found.
  Finished generating code
  gemsG.vcxproj -> D:\Новая папка\Gems2020\Release\gemsG.exe
